TN:
SF:/Users/ens/pwd/uxcore/uxcore-form/src/Form.jsx
FN:7,(anonymous_1)
FN:7,(anonymous_2)
FN:53,_interopRequireDefault
FN:55,_defaults
FN:57,_defineProperty
FN:59,_classCallCheck
FN:61,_possibleConstructorReturn
FN:63,_inherits
FN:71,(anonymous_9)
FN:74,Form
FN:91,getValues
FN:102,(anonymous_12)
FN:103,(anonymous_13)
FN:116,setValues
FN:131,resetValues
FN:145,handleDataChange
FN:153,attachFormField
FN:162,detachFormField
FN:168,doValidate
FN:187,(anonymous_20)
FN:194,(anonymous_21)
FN:195,(anonymous_22)
FN:206,isDirty
FN:213,(anonymous_24)
FN:214,(anonymous_25)
FN:226,processChild
FN:235,(anonymous_27)
FN:257,render
FN:268,(anonymous_29)
FN:307,jsxonChange
FNF:30
FNH:24
FNDA:0,(anonymous_1)
FNDA:1,(anonymous_2)
FNDA:11,_interopRequireDefault
FNDA:1,_defaults
FNDA:60,_defineProperty
FNDA:15,_classCallCheck
FNDA:15,_possibleConstructorReturn
FNDA:1,_inherits
FNDA:1,(anonymous_9)
FNDA:15,Form
FNDA:3,getValues
FNDA:0,(anonymous_12)
FNDA:0,(anonymous_13)
FNDA:1,setValues
FNDA:1,resetValues
FNDA:13,handleDataChange
FNDA:10,attachFormField
FNDA:0,detachFormField
FNDA:6,doValidate
FNDA:1,(anonymous_20)
FNDA:1,(anonymous_21)
FNDA:1,(anonymous_22)
FNDA:1,isDirty
FNDA:0,(anonymous_24)
FNDA:0,(anonymous_25)
FNDA:15,processChild
FNDA:13,(anonymous_27)
FNDA:15,render
FNDA:13,(anonymous_29)
FNDA:1,jsxonChange
DA:3,1
DA:7,1
DA:9,1
DA:11,1
DA:13,1
DA:15,1
DA:17,1
DA:19,1
DA:21,1
DA:23,1
DA:25,1
DA:27,1
DA:29,1
DA:31,1
DA:33,1
DA:35,1
DA:37,1
DA:39,1
DA:41,1
DA:43,1
DA:45,1
DA:47,1
DA:49,1
DA:51,1
DA:53,11
DA:55,5
DA:57,60
DA:59,15
DA:61,15
DA:63,1
DA:71,1
DA:72,1
DA:74,1
DA:75,15
DA:77,15
DA:79,15
DA:80,15
DA:81,15
DA:82,15
DA:83,15
DA:84,15
DA:85,15
DA:86,15
DA:87,15
DA:88,15
DA:91,1
DA:92,3
DA:93,3
DA:95,3
DA:96,3
DA:97,3
DA:102,0
DA:103,0
DA:104,0
DA:116,1
DA:117,1
DA:118,1
DA:119,1
DA:120,1
DA:121,1
DA:122,1
DA:124,1
DA:125,1
DA:131,1
DA:132,1
DA:133,1
DA:134,1
DA:135,1
DA:139,1
DA:140,1
DA:145,1
DA:146,13
DA:147,13
DA:148,13
DA:149,1
DA:153,1
DA:154,10
DA:155,10
DA:156,0
DA:158,10
DA:162,1
DA:163,0
DA:164,0
DA:165,0
DA:168,1
DA:169,6
DA:170,6
DA:171,6
DA:172,6
DA:174,6
DA:175,5
DA:176,5
DA:177,0
DA:179,5
DA:180,5
DA:181,5
DA:182,2
DA:185,5
DA:187,1
DA:188,1
DA:189,1
DA:190,1
DA:191,1
DA:194,1
DA:195,1
DA:196,1
DA:198,1
DA:199,1
DA:201,1
DA:206,1
DA:207,1
DA:208,1
DA:210,1
DA:211,1
DA:213,0
DA:214,0
DA:215,0
DA:226,1
DA:227,15
DA:228,15
DA:229,15
DA:230,15
DA:231,2
DA:232,2
DA:235,13
DA:237,13
DA:238,13
DA:239,13
DA:240,0
DA:242,13
DA:243,9
DA:248,4
DA:249,4
DA:254,13
DA:257,1
DA:258,15
DA:260,15
DA:261,15
DA:263,15
DA:269,13
DA:288,1
DA:294,1
DA:295,1
DA:298,1
DA:299,1
DA:300,1
DA:302,1
DA:312,1
DA:324,1
DA:326,1
DA:327,1
LF:151
LH:139
BRDA:7,1,0,0
BRDA:7,1,1,1
BRDA:7,2,0,1
BRDA:7,2,1,0
BRDA:7,3,0,0
BRDA:7,3,1,1
BRDA:7,4,0,1
BRDA:7,4,1,1
BRDA:7,4,2,0
BRDA:7,4,3,0
BRDA:53,5,0,0
BRDA:53,5,1,11
BRDA:53,6,0,11
BRDA:53,6,1,11
BRDA:55,7,0,0
BRDA:55,7,1,5
BRDA:55,8,0,5
BRDA:55,8,1,5
BRDA:55,8,2,0
BRDA:57,9,0,0
BRDA:57,9,1,60
BRDA:59,10,0,0
BRDA:59,10,1,15
BRDA:61,11,0,0
BRDA:61,11,1,15
BRDA:61,12,0,0
BRDA:61,12,1,15
BRDA:61,13,0,15
BRDA:61,13,1,0
BRDA:61,13,2,0
BRDA:63,14,0,0
BRDA:63,14,1,1
BRDA:63,15,0,1
BRDA:63,15,1,0
BRDA:63,16,0,1
BRDA:63,16,1,1
BRDA:63,17,0,1
BRDA:63,17,1,0
BRDA:63,18,0,0
BRDA:63,18,1,1
BRDA:95,19,0,3
BRDA:95,19,1,0
BRDA:117,20,0,0
BRDA:117,20,1,1
BRDA:117,21,0,0
BRDA:117,21,1,1
BRDA:122,22,0,1
BRDA:122,22,1,0
BRDA:124,23,0,1
BRDA:124,23,1,0
BRDA:125,24,0,0
BRDA:125,24,1,1
BRDA:134,25,0,1
BRDA:134,25,1,0
BRDA:134,25,2,0
BRDA:139,26,0,1
BRDA:139,26,1,0
BRDA:140,27,0,0
BRDA:140,27,1,1
BRDA:148,28,0,1
BRDA:148,28,1,12
BRDA:155,29,0,0
BRDA:155,29,1,10
BRDA:174,30,0,5
BRDA:174,30,1,1
BRDA:176,31,0,0
BRDA:176,31,1,5
BRDA:181,32,0,2
BRDA:181,32,1,3
BRDA:190,33,0,1
BRDA:190,33,1,0
BRDA:198,34,0,1
BRDA:198,34,1,0
BRDA:210,35,0,1
BRDA:210,35,1,0
BRDA:230,36,0,2
BRDA:230,36,1,13
BRDA:237,37,0,13
BRDA:237,37,1,0
BRDA:237,38,0,13
BRDA:237,38,1,13
BRDA:239,39,0,0
BRDA:239,39,1,13
BRDA:242,40,0,9
BRDA:242,40,1,4
BRDA:248,41,0,4
BRDA:248,41,1,0
BRDA:268,42,0,15
BRDA:268,42,1,13
BRDA:276,43,0,13
BRDA:276,43,1,6
BRDA:276,43,2,6
BRDA:277,44,0,13
BRDA:277,44,1,12
BRF:94
BRH:58
end_of_record
TN:
SF:/Users/ens/pwd/uxcore/uxcore-form/src/Validators.js
FN:11,_interopRequireDefault
FNF:1
FNH:1
FNDA:1,_interopRequireDefault
DA:3,1
DA:7,1
DA:9,1
DA:11,1
DA:13,1
DA:14,1
LF:6
LH:6
BRDA:11,1,0,0
BRDA:11,1,1,1
BRDA:11,2,0,1
BRDA:11,2,1,1
BRF:4
BRH:3
end_of_record
TN:
SF:/Users/ens/pwd/uxcore/uxcore-form/src/KeyCode.js
FNF:0
FNH:0
DA:3,1
DA:6,1
DA:12,1
LF:3
LH:3
BRF:0
BRH:0
end_of_record
TN:
SF:/Users/ens/pwd/uxcore/uxcore-form/src/FormRowTitle.jsx
FN:23,_interopRequireDefault
FN:25,_defineProperty
FN:32,FormRowTitle
FN:46,(anonymous_4)
FNF:4
FNH:3
FNDA:4,_interopRequireDefault
FNDA:2,_defineProperty
FNDA:1,FormRowTitle
FNDA:0,(anonymous_4)
DA:3,1
DA:7,1
DA:9,1
DA:11,1
DA:13,1
DA:15,1
DA:17,1
DA:19,1
DA:21,1
DA:23,4
DA:25,2
DA:32,1
DA:33,1
DA:35,1
DA:36,1
DA:47,0
DA:52,1
DA:59,1
DA:64,1
DA:66,1
DA:67,1
LF:21
LH:20
BRDA:23,1,0,0
BRDA:23,1,1,4
BRDA:23,2,0,4
BRDA:23,2,1,4
BRDA:25,3,0,0
BRDA:25,3,1,2
BRDA:46,4,0,1
BRDA:46,4,1,0
BRF:8
BRH:5
end_of_record
