TN:
SF:/Users/ens/pwd/uxcore/uxcore-form/src/index.js
FNF:0
FNH:0
DA:10,1
DA:13,1
DA:14,1
DA:15,1
DA:16,1
DA:17,1
DA:18,1
DA:19,1
DA:20,1
DA:21,1
DA:22,1
DA:23,1
DA:24,1
DA:26,1
LF:14
LH:14
BRF:0
BRH:0
end_of_record
TN:
SF:/Users/ens/pwd/uxcore/uxcore-form/src/Form.js
FN:3,(anonymous_1)
FN:3,(anonymous_2)
FN:5,_defaults
FN:7,_defineProperty
FN:9,_classCallCheck
FN:11,_possibleConstructorReturn
FN:13,_inherits
FN:38,(anonymous_8)
FN:41,Form
FN:53,componentDidMount
FN:57,_copy
FN:61,attachFormField
FN:70,detachFormField
FN:76,handleDataChange
FN:84,getValues
FN:93,resetValues
FN:106,setValues
FN:118,doValidate
FN:132,isDirty
FN:142,_processChild
FN:150,(anonymous_21)
FN:172,render
FN:181,(anonymous_23)
FN:216,jsxonChange
FNF:24
FNH:15
FNDA:0,(anonymous_1)
FNDA:0,(anonymous_2)
FNDA:1,_defaults
FNDA:4,_defineProperty
FNDA:1,_classCallCheck
FNDA:1,_possibleConstructorReturn
FNDA:1,_inherits
FNDA:1,(anonymous_8)
FNDA:1,Form
FNDA:1,componentDidMount
FNDA:0,_copy
FNDA:1,attachFormField
FNDA:1,detachFormField
FNDA:1,handleDataChange
FNDA:0,getValues
FNDA:0,resetValues
FNDA:0,setValues
FNDA:0,doValidate
FNDA:0,isDirty
FNDA:1,_processChild
FNDA:1,(anonymous_21)
FNDA:1,render
FNDA:1,(anonymous_23)
FNDA:0,jsxonChange
DA:3,1
DA:5,5
DA:7,4
DA:9,1
DA:11,1
DA:13,1
DA:23,1
DA:24,1
DA:25,1
DA:26,1
DA:27,1
DA:29,1
DA:30,1
DA:31,1
DA:33,1
DA:34,1
DA:35,1
DA:36,1
DA:38,1
DA:39,1
DA:41,1
DA:42,1
DA:44,1
DA:46,1
DA:47,1
DA:48,1
DA:49,1
DA:50,1
DA:53,1
DA:54,1
DA:57,1
DA:58,0
DA:61,1
DA:62,1
DA:63,1
DA:64,0
DA:66,1
DA:70,1
DA:71,1
DA:72,1
DA:73,1
DA:76,1
DA:77,1
DA:78,1
DA:79,1
DA:80,0
DA:84,1
DA:85,0
DA:86,0
DA:87,0
DA:93,1
DA:94,0
DA:95,0
DA:96,0
DA:97,0
DA:98,0
DA:106,1
DA:107,0
DA:108,0
DA:109,0
DA:110,0
DA:111,0
DA:112,0
DA:113,0
DA:118,1
DA:119,0
DA:120,0
DA:121,0
DA:122,0
DA:123,0
DA:124,0
DA:125,0
DA:126,0
DA:129,0
DA:132,1
DA:133,0
DA:142,1
DA:143,1
DA:144,1
DA:145,1
DA:146,0
DA:147,0
DA:150,1
DA:152,1
DA:153,1
DA:154,1
DA:155,0
DA:157,1
DA:158,1
DA:163,0
DA:164,0
DA:169,1
DA:172,1
DA:173,1
DA:175,1
DA:176,1
DA:178,1
DA:182,1
DA:197,1
DA:203,1
DA:204,1
DA:205,1
DA:208,1
DA:209,1
DA:210,1
DA:212,1
DA:220,1
DA:250,1
DA:252,1
LF:109
LH:76
BRDA:3,1,0,0
BRDA:3,1,1,1
BRDA:3,2,0,1
BRDA:3,2,1,0
BRDA:3,3,0,0
BRDA:3,3,1,0
BRDA:3,4,0,0
BRDA:3,4,1,0
BRDA:3,4,2,0
BRDA:5,5,0,0
BRDA:5,5,1,5
BRDA:5,6,0,5
BRDA:5,6,1,5
BRDA:5,6,2,0
BRDA:7,7,0,0
BRDA:7,7,1,4
BRDA:9,8,0,0
BRDA:9,8,1,1
BRDA:11,9,0,0
BRDA:11,9,1,1
BRDA:11,10,0,0
BRDA:11,10,1,1
BRDA:11,11,0,1
BRDA:11,11,1,0
BRDA:11,11,2,0
BRDA:13,12,0,0
BRDA:13,12,1,1
BRDA:13,13,0,1
BRDA:13,13,1,0
BRDA:13,14,0,1
BRDA:13,14,1,1
BRDA:13,15,0,1
BRDA:13,15,1,0
BRDA:13,16,0,0
BRDA:13,16,1,1
BRDA:63,17,0,0
BRDA:63,17,1,1
BRDA:79,18,0,0
BRDA:79,18,1,1
BRDA:96,19,0,0
BRDA:96,19,1,0
BRDA:96,19,2,0
BRDA:98,20,0,0
BRDA:98,20,1,0
BRDA:98,21,0,0
BRDA:98,21,1,0
BRDA:107,22,0,0
BRDA:107,22,1,0
BRDA:107,23,0,0
BRDA:107,23,1,0
BRDA:112,24,0,0
BRDA:112,24,1,0
BRDA:113,25,0,0
BRDA:113,25,1,0
BRDA:125,26,0,0
BRDA:125,26,1,0
BRDA:145,27,0,0
BRDA:145,27,1,1
BRDA:152,28,0,1
BRDA:152,28,1,0
BRDA:154,29,0,0
BRDA:154,29,1,1
BRDA:157,30,0,1
BRDA:157,30,1,0
BRDA:163,31,0,0
BRDA:163,31,1,0
BRDA:181,32,0,1
BRDA:181,32,1,1
BRDA:185,33,0,1
BRDA:185,33,1,1
BRDA:185,33,2,1
BRF:71
BRH:27
end_of_record
TN:
SF:/Users/ens/pwd/uxcore/uxcore-form/src/FormRowTitle.js
FN:3,_defaults
FN:5,_defineProperty
FN:7,_classCallCheck
FN:9,_possibleConstructorReturn
FN:11,_inherits
FN:23,(anonymous_6)
FN:26,FormRowTitle
FN:32,render
FN:41,(anonymous_9)
FNF:9
FNH:3
FNDA:1,_defaults
FNDA:0,_defineProperty
FNDA:0,_classCallCheck
FNDA:0,_possibleConstructorReturn
FNDA:1,_inherits
FNDA:1,(anonymous_6)
FNDA:0,FormRowTitle
FNDA:0,render
FNDA:0,(anonymous_9)
DA:3,5
DA:5,1
DA:7,1
DA:9,1
DA:11,1
DA:18,1
DA:19,1
DA:20,1
DA:21,1
DA:23,1
DA:24,1
DA:26,1
DA:27,0
DA:29,0
DA:32,1
DA:33,0
DA:35,0
DA:36,0
DA:37,0
DA:42,0
DA:47,1
DA:52,1
DA:57,1
DA:62,1
DA:64,1
LF:25
LH:18
BRDA:3,1,0,0
BRDA:3,1,1,5
BRDA:3,2,0,5
BRDA:3,2,1,5
BRDA:3,2,2,0
BRDA:5,3,0,0
BRDA:5,3,1,0
BRDA:7,4,0,0
BRDA:7,4,1,0
BRDA:9,5,0,0
BRDA:9,5,1,0
BRDA:9,6,0,0
BRDA:9,6,1,0
BRDA:9,7,0,0
BRDA:9,7,1,0
BRDA:9,7,2,0
BRDA:11,8,0,0
BRDA:11,8,1,1
BRDA:11,9,0,1
BRDA:11,9,1,0
BRDA:11,10,0,1
BRDA:11,10,1,1
BRDA:11,11,0,1
BRDA:11,11,1,0
BRDA:11,12,0,0
BRDA:11,12,1,1
BRDA:41,13,0,0
BRDA:41,13,1,0
BRF:28
BRH:9
end_of_record
TN:
SF:/Users/ens/pwd/uxcore/uxcore-form/src/Validators.js
FNF:0
FNH:0
DA:7,1
LF:1
LH:1
BRF:0
BRH:0
end_of_record
TN:
SF:/Users/ens/pwd/uxcore/uxcore-form/src/KeyCode.js
FNF:0
FNH:0
DA:3,1
LF:1
LH:1
BRF:0
BRH:0
end_of_record
TN:
SF:/Users/ens/pwd/uxcore/uxcore-form/src/FormField/RadioGroupFormField.js
FN:3,_defaults
FN:5,_classCallCheck
FN:7,_possibleConstructorReturn
FN:9,_inherits
FN:19,(anonymous_5)
FN:22,RadioGroupFormField
FN:28,handleChange
FN:33,addSpecificClass
FN:42,renderField
FN:57,(anonymous_10)
FNF:10
FNH:3
FNDA:1,_defaults
FNDA:0,_classCallCheck
FNDA:0,_possibleConstructorReturn
FNDA:1,_inherits
FNDA:1,(anonymous_5)
FNDA:0,RadioGroupFormField
FNDA:0,handleChange
FNDA:0,addSpecificClass
FNDA:0,renderField
FNDA:0,(anonymous_10)
DA:3,8
DA:5,1
DA:7,1
DA:9,1
DA:14,1
DA:15,1
DA:16,1
DA:17,1
DA:19,1
DA:20,1
DA:22,1
DA:23,0
DA:25,0
DA:28,1
DA:29,0
DA:30,0
DA:33,1
DA:34,0
DA:35,0
DA:36,0
DA:38,0
DA:42,1
DA:43,0
DA:44,0
DA:45,0
DA:46,0
DA:47,0
DA:57,0
DA:58,0
DA:61,0
DA:62,0
DA:69,0
DA:72,1
DA:75,1
DA:76,1
DA:77,1
DA:78,1
DA:79,1
LF:38
LH:20
BRDA:3,1,0,3
BRDA:3,1,1,5
BRDA:3,2,0,8
BRDA:3,2,1,8
BRDA:3,2,2,3
BRDA:5,3,0,0
BRDA:5,3,1,0
BRDA:7,4,0,0
BRDA:7,4,1,0
BRDA:7,5,0,0
BRDA:7,5,1,0
BRDA:7,6,0,0
BRDA:7,6,1,0
BRDA:7,6,2,0
BRDA:9,7,0,0
BRDA:9,7,1,1
BRDA:9,8,0,1
BRDA:9,8,1,0
BRDA:9,9,0,1
BRDA:9,9,1,1
BRDA:9,10,0,1
BRDA:9,10,1,0
BRDA:9,11,0,0
BRDA:9,11,1,1
BRDA:35,12,0,0
BRDA:35,12,1,0
BRDA:45,13,0,0
BRDA:45,13,1,0
BRDA:46,14,0,0
BRDA:46,14,1,0
BRDA:61,15,0,0
BRDA:61,15,1,0
BRF:32
BRH:11
end_of_record
TN:
SF:/Users/ens/pwd/uxcore/uxcore-form/src/FormField/NumberInputFormField.js
FN:3,_defaults
FN:5,_classCallCheck
FN:7,_possibleConstructorReturn
FN:9,_inherits
FN:16,(anonymous_5)
FN:19,NumberInputFormField
FN:25,formatValue
FN:44,deFormatValue
FN:53,addSpecificClass
FNF:9
FNH:3
FNDA:1,_defaults
FNDA:0,_classCallCheck
FNDA:0,_possibleConstructorReturn
FNDA:1,_inherits
FNDA:1,(anonymous_5)
FNDA:0,NumberInputFormField
FNDA:0,formatValue
FNDA:0,deFormatValue
FNDA:0,addSpecificClass
DA:3,11
DA:5,1
DA:7,1
DA:9,1
DA:11,1
DA:12,1
DA:13,1
DA:14,1
DA:16,1
DA:17,1
DA:19,1
DA:20,0
DA:22,0
DA:25,1
DA:26,0
DA:27,0
DA:28,0
DA:29,0
DA:30,0
DA:31,0
DA:33,0
DA:35,0
DA:36,0
DA:37,0
DA:38,0
DA:40,0
DA:44,1
DA:45,0
DA:46,0
DA:47,0
DA:49,0
DA:53,1
DA:54,0
DA:55,0
DA:56,0
DA:58,0
DA:62,1
DA:65,1
DA:66,1
DA:71,1
DA:76,1
LF:41
LH:19
BRDA:3,1,0,6
BRDA:3,1,1,5
BRDA:3,2,0,11
BRDA:3,2,1,11
BRDA:3,2,2,6
BRDA:5,3,0,0
BRDA:5,3,1,0
BRDA:7,4,0,0
BRDA:7,4,1,0
BRDA:7,5,0,0
BRDA:7,5,1,0
BRDA:7,6,0,0
BRDA:7,6,1,0
BRDA:7,6,2,0
BRDA:9,7,0,0
BRDA:9,7,1,1
BRDA:9,8,0,1
BRDA:9,8,1,0
BRDA:9,9,0,1
BRDA:9,9,1,1
BRDA:9,10,0,1
BRDA:9,10,1,0
BRDA:9,11,0,0
BRDA:9,11,1,1
BRDA:26,12,0,0
BRDA:26,12,1,0
BRDA:26,13,0,0
BRDA:26,13,1,0
BRDA:29,14,0,0
BRDA:29,14,1,0
BRDA:30,15,0,0
BRDA:30,15,1,0
BRDA:30,16,0,0
BRDA:30,16,1,0
BRDA:35,17,0,0
BRDA:35,17,1,0
BRDA:37,18,0,0
BRDA:37,18,1,0
BRDA:46,19,0,0
BRDA:46,19,1,0
BRDA:46,20,0,0
BRDA:46,20,1,0
BRDA:46,20,2,0
BRDA:55,21,0,0
BRDA:55,21,1,0
BRF:45
BRH:11
end_of_record
TN:
SF:/Users/ens/pwd/uxcore/uxcore-form/node_modules/uxcore-formatter/src/index.js
FNF:0
FNH:0
DA:9,1
LF:1
LH:1
BRF:0
BRH:0
end_of_record
TN:
SF:/Users/ens/pwd/uxcore/uxcore-form/node_modules/uxcore-formatter/src/Formatter.js
FN:11,(anonymous_1)
FN:35,(anonymous_2)
FN:41,(anonymous_3)
FN:43,(anonymous_4)
FN:48,(anonymous_5)
FN:54,(anonymous_6)
FN:59,(anonymous_7)
FNF:7
FNH:0
FNDA:0,(anonymous_1)
FNDA:0,(anonymous_2)
FNDA:0,(anonymous_3)
FNDA:0,(anonymous_4)
FNDA:0,(anonymous_5)
FNDA:0,(anonymous_6)
FNDA:0,(anonymous_7)
DA:9,1
DA:11,1
DA:12,0
DA:13,0
DA:14,0
DA:26,0
DA:27,0
DA:29,0
DA:30,0
DA:32,0
DA:35,1
DA:36,0
DA:37,0
DA:38,0
DA:40,0
DA:41,0
DA:42,0
DA:44,0
DA:48,0
DA:49,0
DA:54,1
DA:55,0
DA:56,0
DA:59,1
DA:60,0
DA:61,0
DA:64,1
LF:27
LH:6
BRDA:13,1,0,0
BRDA:13,1,1,0
BRDA:26,2,0,0
BRDA:26,2,1,0
BRDA:30,3,0,0
BRDA:30,3,1,0
BRDA:30,4,0,0
BRDA:30,4,1,0
BRDA:36,5,0,0
BRDA:36,5,1,0
BRDA:37,6,0,0
BRDA:37,6,1,0
BRDA:40,7,0,0
BRDA:40,7,1,0
BRDA:55,8,0,0
BRDA:55,8,1,0
BRDA:60,9,0,0
BRDA:60,9,1,0
BRF:18
BRH:0
end_of_record
TN:
SF:/Users/ens/pwd/uxcore/uxcore-form/src/FormField/CheckboxGroupFormField.js
FN:3,_defaults
FN:5,_classCallCheck
FN:7,_possibleConstructorReturn
FN:9,_inherits
FN:16,(anonymous_5)
FN:19,CheckboxGroupFormField
FN:25,handleChange
FN:30,addSpecificClass
FN:39,renderField
FN:50,(anonymous_10)
FN:52,(anonymous_11)
FNF:11
FNH:3
FNDA:1,_defaults
FNDA:0,_classCallCheck
FNDA:0,_possibleConstructorReturn
FNDA:1,_inherits
FNDA:1,(anonymous_5)
FNDA:0,CheckboxGroupFormField
FNDA:0,handleChange
FNDA:0,addSpecificClass
FNDA:0,renderField
FNDA:0,(anonymous_10)
FNDA:0,(anonymous_11)
DA:3,8
DA:5,1
DA:7,1
DA:9,1
DA:11,1
DA:12,1
DA:13,1
DA:14,1
DA:16,1
DA:17,1
DA:19,1
DA:20,0
DA:22,0
DA:25,1
DA:26,0
DA:27,0
DA:30,1
DA:31,0
DA:32,0
DA:33,0
DA:35,0
DA:39,1
DA:40,0
DA:41,0
DA:42,0
DA:43,0
DA:49,0
DA:50,0
DA:51,0
DA:53,0
DA:55,0
DA:64,1
DA:67,1
DA:68,1
DA:69,1
DA:70,1
DA:72,1
LF:37
LH:20
BRDA:3,1,0,3
BRDA:3,1,1,5
BRDA:3,2,0,8
BRDA:3,2,1,8
BRDA:3,2,2,3
BRDA:5,3,0,0
BRDA:5,3,1,0
BRDA:7,4,0,0
BRDA:7,4,1,0
BRDA:7,5,0,0
BRDA:7,5,1,0
BRDA:7,6,0,0
BRDA:7,6,1,0
BRDA:7,6,2,0
BRDA:9,7,0,0
BRDA:9,7,1,1
BRDA:9,8,0,1
BRDA:9,8,1,0
BRDA:9,9,0,1
BRDA:9,9,1,1
BRDA:9,10,0,1
BRDA:9,10,1,0
BRDA:9,11,0,0
BRDA:9,11,1,1
BRDA:32,12,0,0
BRDA:32,12,1,0
BRDA:41,13,0,0
BRDA:41,13,1,0
BRDA:42,14,0,0
BRDA:42,14,1,0
BRDA:45,15,0,0
BRDA:45,15,1,0
BRDA:49,16,0,0
BRDA:49,16,1,0
BRF:34
BRH:11
end_of_record
TN:
SF:/Users/ens/pwd/uxcore/uxcore-form/src/FormField/CascadeSelectFormField.js
FN:3,(anonymous_1)
FN:3,(anonymous_2)
FN:5,(anonymous_3)
FN:7,_defaults
FN:9,_classCallCheck
FN:11,_possibleConstructorReturn
FN:13,_inherits
FN:24,(anonymous_8)
FN:27,CascadeSelectFormField
FN:33,getDataLength
FN:38,handleChange
FN:50,addSpecificClass
FN:59,renderField
FN:66,(anonymous_14)
FN:83,_loop
FN:84,(anonymous_16)
FN:115,(anonymous_17)
FN:135,(anonymous_18)
FN:137,(anonymous_19)
FN:138,(anonymous_20)
FNF:20
FNH:3
FNDA:0,(anonymous_1)
FNDA:0,(anonymous_2)
FNDA:0,(anonymous_3)
FNDA:1,_defaults
FNDA:0,_classCallCheck
FNDA:0,_possibleConstructorReturn
FNDA:1,_inherits
FNDA:1,(anonymous_8)
FNDA:0,CascadeSelectFormField
FNDA:0,getDataLength
FNDA:0,handleChange
FNDA:0,addSpecificClass
FNDA:0,renderField
FNDA:0,(anonymous_14)
FNDA:0,_loop
FNDA:0,(anonymous_16)
FNDA:0,(anonymous_17)
FNDA:0,(anonymous_18)
FNDA:0,(anonymous_19)
FNDA:0,(anonymous_20)
DA:3,1
DA:5,1
DA:7,8
DA:9,1
DA:11,1
DA:13,1
DA:15,1
DA:16,1
DA:17,1
DA:18,1
DA:19,1
DA:21,1
DA:22,1
DA:24,1
DA:25,1
DA:27,1
DA:28,0
DA:30,0
DA:33,1
DA:34,0
DA:35,0
DA:38,1
DA:39,0
DA:40,0
DA:41,0
DA:42,0
DA:43,0
DA:45,0
DA:47,0
DA:50,1
DA:51,0
DA:52,0
DA:53,0
DA:55,0
DA:59,1
DA:60,0
DA:61,0
DA:62,0
DA:63,0
DA:64,0
DA:65,0
DA:66,0
DA:67,0
DA:68,0
DA:70,0
DA:71,0
DA:81,0
DA:83,0
DA:84,0
DA:85,0
DA:92,0
DA:100,0
DA:101,0
DA:102,0
DA:103,0
DA:109,0
DA:114,0
DA:115,0
DA:116,0
DA:118,0
DA:119,0
DA:121,0
DA:125,0
DA:126,0
DA:128,0
DA:132,0
DA:133,0
DA:134,0
DA:135,0
DA:136,0
DA:137,0
DA:138,0
DA:139,0
DA:141,0
DA:143,0
DA:152,0
DA:155,1
DA:158,1
DA:164,1
DA:168,1
DA:170,1
LF:81
LH:25
BRDA:3,1,0,0
BRDA:3,1,1,1
BRDA:3,2,0,1
BRDA:3,2,1,0
BRDA:3,3,0,0
BRDA:3,3,1,0
BRDA:3,4,0,0
BRDA:3,4,1,0
BRDA:3,4,2,0
BRDA:5,5,0,1
BRDA:5,5,1,1
BRDA:5,6,0,0
BRDA:5,6,1,0
BRDA:7,7,0,3
BRDA:7,7,1,5
BRDA:7,8,0,8
BRDA:7,8,1,8
BRDA:7,8,2,3
BRDA:9,9,0,0
BRDA:9,9,1,0
BRDA:11,10,0,0
BRDA:11,10,1,0
BRDA:11,11,0,0
BRDA:11,11,1,0
BRDA:11,12,0,0
BRDA:11,12,1,0
BRDA:11,12,2,0
BRDA:13,13,0,0
BRDA:13,13,1,1
BRDA:13,14,0,1
BRDA:13,14,1,0
BRDA:13,15,0,1
BRDA:13,15,1,1
BRDA:13,16,0,1
BRDA:13,16,1,0
BRDA:13,17,0,0
BRDA:13,17,1,1
BRDA:40,18,0,0
BRDA:40,18,1,0
BRDA:41,19,0,0
BRDA:41,19,1,0
BRDA:52,20,0,0
BRDA:52,20,1,0
BRDA:64,21,0,0
BRDA:64,21,1,0
BRDA:65,22,0,0
BRDA:65,22,1,0
BRDA:81,23,0,0
BRDA:81,23,1,0
BRDA:101,24,0,0
BRDA:101,24,1,0
BRDA:102,25,0,0
BRDA:102,25,1,0
BRDA:114,26,0,0
BRDA:114,26,1,0
BRDA:119,27,0,0
BRDA:119,27,1,0
BRDA:128,28,0,0
BRDA:128,28,1,0
BRDA:132,29,0,0
BRDA:132,29,1,0
BRDA:132,30,0,0
BRDA:132,30,1,0
BRDA:133,31,0,0
BRDA:133,31,1,0
BRDA:134,32,0,0
BRDA:134,32,1,0
BRF:67
BRH:15
end_of_record
TN:
SF:/Users/ens/pwd/uxcore/uxcore-form/src/FormField/ButtonGroupFormField.js
FN:3,_defaults
FN:5,_defineProperty
FN:7,_classCallCheck
FN:9,_possibleConstructorReturn
FN:11,_inherits
FN:18,(anonymous_6)
FN:21,ButtonGroupFormField
FN:27,_processChild
FN:37,(anonymous_9)
FN:48,(anonymous_10)
FN:60,(anonymous_11)
FN:72,render
FNF:12
FNH:3
FNDA:1,_defaults
FNDA:0,_defineProperty
FNDA:0,_classCallCheck
FNDA:0,_possibleConstructorReturn
FNDA:1,_inherits
FNDA:1,(anonymous_6)
FNDA:0,ButtonGroupFormField
FNDA:0,_processChild
FNDA:0,(anonymous_9)
FNDA:0,(anonymous_10)
FNDA:0,(anonymous_11)
FNDA:0,render
DA:3,5
DA:5,1
DA:7,1
DA:9,1
DA:11,1
DA:13,1
DA:14,1
DA:15,1
DA:16,1
DA:18,1
DA:19,1
DA:21,1
DA:22,0
DA:24,0
DA:27,1
DA:28,0
DA:29,0
DA:30,0
DA:31,0
DA:35,0
DA:37,0
DA:38,0
DA:39,0
DA:41,0
DA:44,0
DA:45,0
DA:48,0
DA:49,0
DA:50,0
DA:53,0
DA:56,0
DA:57,0
DA:60,0
DA:61,0
DA:65,0
DA:69,0
DA:72,1
DA:73,0
DA:75,0
DA:76,0
DA:77,0
DA:86,1
DA:89,1
DA:94,1
DA:99,1
DA:101,1
LF:46
LH:19
BRDA:3,1,0,0
BRDA:3,1,1,5
BRDA:3,2,0,5
BRDA:3,2,1,5
BRDA:3,2,2,0
BRDA:5,3,0,0
BRDA:5,3,1,0
BRDA:7,4,0,0
BRDA:7,4,1,0
BRDA:9,5,0,0
BRDA:9,5,1,0
BRDA:9,6,0,0
BRDA:9,6,1,0
BRDA:9,7,0,0
BRDA:9,7,1,0
BRDA:9,7,2,0
BRDA:11,8,0,0
BRDA:11,8,1,1
BRDA:11,9,0,1
BRDA:11,9,1,0
BRDA:11,10,0,1
BRDA:11,10,1,1
BRDA:11,11,0,1
BRDA:11,11,1,0
BRDA:11,12,0,0
BRDA:11,12,1,1
BRDA:30,13,0,0
BRDA:30,13,1,0
BRDA:38,14,0,0
BRDA:38,14,1,0
BRDA:41,15,0,0
BRDA:41,15,1,0
BRDA:44,16,0,0
BRDA:44,16,1,0
BRDA:44,17,0,0
BRDA:44,17,1,0
BRDA:53,18,0,0
BRDA:53,18,1,0
BRDA:56,19,0,0
BRDA:56,19,1,0
BRDA:56,20,0,0
BRDA:56,20,1,0
BRDA:80,21,0,0
BRDA:80,21,1,0
BRDA:82,22,0,0
BRDA:82,22,1,0
BRF:46
BRH:9
end_of_record
TN:
SF:/Users/ens/pwd/uxcore/uxcore-form/src/FormField/EditorFormField.js
FN:3,_defaults
FN:5,_classCallCheck
FN:7,_possibleConstructorReturn
FN:9,_inherits
FN:16,(anonymous_5)
FN:19,EditorFormField
FN:25,componentWillReceiveProps
FN:32,componentDidUpdate
FN:41,_isEqual
FN:45,handleChange
FN:50,handleKeyup
FN:55,addSpecificClass
FN:64,renderField
FNF:13
FNH:3
FNDA:1,_defaults
FNDA:0,_classCallCheck
FNDA:0,_possibleConstructorReturn
FNDA:1,_inherits
FNDA:1,(anonymous_5)
FNDA:0,EditorFormField
FNDA:0,componentWillReceiveProps
FNDA:0,componentDidUpdate
FNDA:0,_isEqual
FNDA:0,handleChange
FNDA:0,handleKeyup
FNDA:0,addSpecificClass
FNDA:0,renderField
DA:3,8
DA:5,1
DA:7,1
DA:9,1
DA:11,1
DA:12,1
DA:13,1
DA:14,1
DA:16,1
DA:17,1
DA:19,1
DA:20,0
DA:22,0
DA:25,1
DA:26,0
DA:27,0
DA:28,0
DA:32,1
DA:33,0
DA:34,0
DA:35,0
DA:36,0
DA:37,0
DA:41,1
DA:42,0
DA:45,1
DA:46,0
DA:47,0
DA:50,1
DA:51,0
DA:52,0
DA:55,1
DA:56,0
DA:57,0
DA:58,0
DA:60,0
DA:64,1
DA:65,0
DA:66,0
DA:67,0
DA:68,0
DA:70,0
DA:71,0
DA:78,0
DA:82,1
DA:85,1
DA:86,1
DA:90,1
DA:92,1
LF:49
LH:23
BRDA:3,1,0,3
BRDA:3,1,1,5
BRDA:3,2,0,8
BRDA:3,2,1,8
BRDA:3,2,2,3
BRDA:5,3,0,0
BRDA:5,3,1,0
BRDA:7,4,0,0
BRDA:7,4,1,0
BRDA:7,5,0,0
BRDA:7,5,1,0
BRDA:7,6,0,0
BRDA:7,6,1,0
BRDA:7,6,2,0
BRDA:9,7,0,0
BRDA:9,7,1,1
BRDA:9,8,0,1
BRDA:9,8,1,0
BRDA:9,9,0,1
BRDA:9,9,1,1
BRDA:9,10,0,1
BRDA:9,10,1,0
BRDA:9,11,0,0
BRDA:9,11,1,1
BRDA:27,12,0,0
BRDA:27,12,1,0
BRDA:34,13,0,0
BRDA:34,13,1,0
BRDA:35,14,0,0
BRDA:35,14,1,0
BRDA:36,15,0,0
BRDA:36,15,1,0
BRDA:36,16,0,0
BRDA:36,16,1,0
BRDA:37,17,0,0
BRDA:37,17,1,0
BRDA:37,18,0,0
BRDA:37,18,1,0
BRDA:57,19,0,0
BRDA:57,19,1,0
BRDA:66,20,0,0
BRDA:66,20,1,0
BRDA:67,21,0,0
BRDA:67,21,1,0
BRDA:67,22,0,0
BRDA:67,22,1,0
BRDA:70,23,0,0
BRDA:70,23,1,0
BRDA:74,24,0,0
BRDA:74,24,1,0
BRF:50
BRH:11
end_of_record
TN:
SF:/Users/ens/pwd/uxcore/uxcore-form/src/FormField/SearchFormField.js
FN:3,_defaults
FN:5,_objectWithoutProperties
FN:7,_defineProperty
FN:9,_classCallCheck
FN:11,_possibleConstructorReturn
FN:13,_inherits
FN:29,(anonymous_7)
FN:32,SearchFormField
FN:38,addSpecificClass
FN:47,_processAdvanced
FN:51,(anonymous_11)
FN:60,_processClassOptions
FN:64,(anonymous_13)
FN:73,handleChange
FN:80,handleClassChange
FN:88,handleAdvancedChange
FN:96,handleIconClick
FN:101,renderField
FN:122,(anonymous_19)
FN:168,renderClassOptions
FN:198,renderAdvancedOptions
FN:247,onIconClick
FNF:22
FNH:3
FNDA:1,_defaults
FNDA:0,_objectWithoutProperties
FNDA:0,_defineProperty
FNDA:0,_classCallCheck
FNDA:0,_possibleConstructorReturn
FNDA:1,_inherits
FNDA:1,(anonymous_7)
FNDA:0,SearchFormField
FNDA:0,addSpecificClass
FNDA:0,_processAdvanced
FNDA:0,(anonymous_11)
FNDA:0,_processClassOptions
FNDA:0,(anonymous_13)
FNDA:0,handleChange
FNDA:0,handleClassChange
FNDA:0,handleAdvancedChange
FNDA:0,handleIconClick
FNDA:0,renderField
FNDA:0,(anonymous_19)
FNDA:0,renderClassOptions
FNDA:0,renderAdvancedOptions
FNDA:0,onIconClick
DA:3,9
DA:5,1
DA:7,1
DA:9,1
DA:11,1
DA:13,1
DA:18,1
DA:19,1
DA:20,1
DA:21,1
DA:22,1
DA:23,1
DA:24,1
DA:25,1
DA:27,1
DA:29,1
DA:30,1
DA:32,1
DA:33,0
DA:35,0
DA:38,1
DA:39,0
DA:40,0
DA:41,0
DA:43,0
DA:47,1
DA:48,0
DA:49,0
DA:51,0
DA:52,0
DA:60,1
DA:61,0
DA:62,0
DA:64,0
DA:65,0
DA:73,1
DA:74,0
DA:75,0
DA:76,0
DA:77,0
DA:80,1
DA:81,0
DA:82,0
DA:83,0
DA:84,0
DA:85,0
DA:88,1
DA:89,0
DA:90,0
DA:91,0
DA:92,0
DA:93,0
DA:96,1
DA:97,0
DA:98,0
DA:101,1
DA:102,0
DA:103,0
DA:104,0
DA:105,0
DA:106,0
DA:108,0
DA:122,0
DA:123,0
DA:124,0
DA:128,0
DA:129,0
DA:134,0
DA:135,0
DA:138,0
DA:139,0
DA:142,0
DA:143,0
DA:145,0
DA:146,0
DA:148,0
DA:154,0
DA:155,0
DA:157,0
DA:165,0
DA:168,1
DA:169,0
DA:170,0
DA:171,0
DA:172,0
DA:173,0
DA:175,0
DA:177,0
DA:191,0
DA:198,1
DA:199,0
DA:200,0
DA:201,0
DA:202,0
DA:203,0
DA:205,0
DA:207,0
DA:221,0
DA:228,1
DA:231,1
DA:232,1
DA:233,1
DA:241,1
DA:250,1
LF:104
LH:34
BRDA:3,1,0,4
BRDA:3,1,1,5
BRDA:3,2,0,9
BRDA:3,2,1,9
BRDA:3,2,2,4
BRDA:5,3,0,0
BRDA:5,3,1,0
BRDA:5,4,0,0
BRDA:5,4,1,0
BRDA:7,5,0,0
BRDA:7,5,1,0
BRDA:9,6,0,0
BRDA:9,6,1,0
BRDA:11,7,0,0
BRDA:11,7,1,0
BRDA:11,8,0,0
BRDA:11,8,1,0
BRDA:11,9,0,0
BRDA:11,9,1,0
BRDA:11,9,2,0
BRDA:13,10,0,0
BRDA:13,10,1,1
BRDA:13,11,0,1
BRDA:13,11,1,0
BRDA:13,12,0,1
BRDA:13,12,1,1
BRDA:13,13,0,1
BRDA:13,13,1,0
BRDA:13,14,0,0
BRDA:13,14,1,1
BRDA:40,15,0,0
BRDA:40,15,1,0
BRDA:75,16,0,0
BRDA:75,16,1,0
BRDA:82,17,0,0
BRDA:82,17,1,0
BRDA:90,18,0,0
BRDA:90,18,1,0
BRDA:104,19,0,0
BRDA:104,19,1,0
BRDA:105,20,0,0
BRDA:105,20,1,0
BRDA:106,21,0,0
BRDA:106,21,1,0
BRDA:123,22,0,0
BRDA:123,22,1,0
BRDA:128,23,0,0
BRDA:128,23,1,0
BRDA:134,24,0,0
BRDA:134,24,1,0
BRDA:134,25,0,0
BRDA:134,25,1,0
BRDA:134,25,2,0
BRDA:135,26,0,0
BRDA:135,26,1,0
BRDA:138,27,0,0
BRDA:138,27,1,0
BRDA:138,28,0,0
BRDA:138,28,1,0
BRDA:139,29,0,0
BRDA:139,29,1,0
BRDA:142,30,0,0
BRDA:142,30,1,0
BRDA:145,31,0,0
BRDA:145,31,1,0
BRDA:145,32,0,0
BRDA:145,32,1,0
BRDA:154,33,0,0
BRDA:154,33,1,0
BRDA:154,34,0,0
BRDA:154,34,1,0
BRF:71
BRH:11
end_of_record
